[2026-01-02 10:53:10] RAW INPUT | Array
(
    [id] => 0
    [descripcion] => nbvbnvbnvnvbn
    [precios] => Array
        (
            [0] => Array
                (
                    [categoria_id] => 1
                    [precio] => 2000
                )

            [1] => Array
                (
                    [categoria_id] => 2
                    [precio] => 20000
                )

        )

)

[2026-01-02 10:53:10] USER INFO | Array
(
    [id] => 7
    [name] => Javier Saavedra
    [email] => myinterpal@gmail.com
    [user_name] => 
    [id_empresa] => 3
    [estado] => activo
    [role_id] => 1
    [role_name] => Administrador
    [Reportes] => 1
    [Usuarios] => 1
    [Clientes] => 1
    [Ordenes] => 1
    [Actividad] => 1
    [Financiero] => 1
    [company] => Array
        (
            [id] => 3
            [name] => URBANO CARWASH
            [db] => froshlav_3
            [estado] => activo
            [plan] => 1
            [active] => 1
        )

)

[2026-01-02 10:53:10] DB NAME | froshlav_3
[2026-01-02 10:53:10] CREATING SERVICE | nbvbnvbnvnvbn|
[2026-01-02 10:53:10] SERVICE ID | INSERT INTO froshlav_3.precios
            (ServicioID, TipoCategoriaID, Precio)
         VALUES (?, ?, ?)
         ON DUPLICATE KEY UPDATE
            Precio = VALUES(Precio)
[2026-01-02 11:01:11] RAW INPUT | Array
(
    [id] => 0
    [descripcion] => nbvbnvbnvnvbn
    [precios] => Array
        (
            [0] => Array
                (
                    [categoria_id] => 1
                    [precio] => 2000
                )

            [1] => Array
                (
                    [categoria_id] => 2
                    [precio] => 20000
                )

        )

)

[2026-01-02 11:01:14] DB NAME | froshlav_3
[2026-01-02 11:02:47] CREATING SERVICE | nbvbnvbnvnvbn|
[2026-01-02 11:02:47] SERVICE ID | INSERT INTO froshlav_3.precios
            (ServicioID, TipoCategoriaID, Precio)
         VALUES (?, ?, ?)
         ON DUPLICATE KEY UPDATE
            Precio = VALUES(Precio)
[2026-01-02 11:02:52] RAW INPUT | Array
(
    [id] => 0
    [descripcion] => nbvbnvbnvnvbn
    [precios] => Array
        (
            [0] => Array
                (
                    [categoria_id] => 1
                    [precio] => 2000
                )

            [1] => Array
                (
                    [categoria_id] => 2
                    [precio] => 20000
                )

        )

)

[2026-01-02 11:02:52] DB NAME | froshlav_3
[2026-01-02 11:07:03] CREATING SERVICE | nbvbnvbnvnvbn|
[2026-01-02 11:07:03] SERVICE ID | INSERT INTO froshlav_3.precios
            (ServicioID, TipoCategoriaID, Precio)
         VALUES (?, ?, ?)
         ON DUPLICATE KEY UPDATE
            Precio = VALUES(Precio)
[2026-01-02 11:07:14] RAW INPUT | Array
(
    [id] => 0
    [descripcion] => nbvbnvbnvnvbn
    [precios] => Array
        (
            [0] => Array
                (
                    [categoria_id] => 1
                    [precio] => 2000
                )

            [1] => Array
                (
                    [categoria_id] => 2
                    [precio] => 20000
                )

        )

)

[2026-01-02 11:07:14] DB NAME | froshlav_3
[2026-01-02 11:07:26] CREATING SERVICE | nbvbnvbnvnvbn|31
[2026-01-02 11:07:28] SERVICE ID | INSERT INTO froshlav_3.precios
            (ServicioID, TipoCategoriaID, Precio)
         VALUES (?, ?, ?)
         ON DUPLICATE KEY UPDATE
            Precio = VALUES(Precio)
[2026-01-02 11:07:30] SERVICE ID | INSERT INTO froshlav_3.precios
            (ServicioID, TipoCategoriaID, Precio)
         VALUES (?, ?, ?)
         ON DUPLICATE KEY UPDATE
            Precio = VALUES(Precio)
[2026-01-02 11:08:22] USER INFO | Array
(
    [id] => 7
    [name] => Javier Saavedra
    [email] => myinterpal@gmail.com
    [user_name] => 
    [id_empresa] => 3
    [estado] => activo
    [role_id] => 1
    [role_name] => Administrador
    [Reportes] => 1
    [Usuarios] => 1
    [Clientes] => 1
    [Ordenes] => 1
    [Actividad] => 1
    [Financiero] => 1
    [company] => Array
        (
            [id] => 3
            [name] => URBANO CARWASH
            [db] => froshlav_3
            [estado] => activo
            [plan] => 1
            [active] => 1
        )

)

[2026-01-02 11:08:22] RAW INPUT | Array
(
    [id] => 0
    [descripcion] => nbvbnvbnvnvbn
    [precios] => Array
        (
            [0] => Array
                (
                    [categoria_id] => 1
                    [precio] => 2000
                )

            [1] => Array
                (
                    [categoria_id] => 2
                    [precio] => 20000
                )

        )

)

[2026-01-02 11:08:22] DB NAME | froshlav_3
[2026-01-02 11:08:22] CREATING SERVICE | nbvbnvbnvnvbn|32
[2026-01-02 11:08:22] SERVICE ID | INSERT INTO froshlav_3.precios
            (ServicioID, TipoCategoriaID, Precio)
         VALUES (?, ?, ?)
         ON DUPLICATE KEY UPDATE
            Precio = VALUES(Precio)
[2026-01-02 11:08:22] SERVICE ID | INSERT INTO froshlav_3.precios
            (ServicioID, TipoCategoriaID, Precio)
         VALUES (?, ?, ?)
         ON DUPLICATE KEY UPDATE
            Precio = VALUES(Precio)
[2026-01-02 11:08:25] USER INFO | Array
(
    [id] => 7
    [name] => Javier Saavedra
    [email] => myinterpal@gmail.com
    [user_name] => 
    [id_empresa] => 3
    [estado] => activo
    [role_id] => 1
    [role_name] => Administrador
    [Reportes] => 1
    [Usuarios] => 1
    [Clientes] => 1
    [Ordenes] => 1
    [Actividad] => 1
    [Financiero] => 1
    [company] => Array
        (
            [id] => 3
            [name] => URBANO CARWASH
            [db] => froshlav_3
            [estado] => activo
            [plan] => 1
            [active] => 1
        )

)

[2026-01-02 11:08:25] RAW INPUT | Array
(
    [id] => 0
    [descripcion] => nbvbnvbnvnvbn
    [precios] => Array
        (
            [0] => Array
                (
                    [categoria_id] => 1
                    [precio] => 2000
                )

            [1] => Array
                (
                    [categoria_id] => 2
                    [precio] => 20000
                )

        )

)

[2026-01-02 11:08:25] DB NAME | froshlav_3
[2026-01-02 11:08:25] CREATING SERVICE | nbvbnvbnvnvbn|33
[2026-01-02 11:08:25] SERVICE ID | INSERT INTO froshlav_3.precios
            (ServicioID, TipoCategoriaID, Precio)
         VALUES (?, ?, ?)
         ON DUPLICATE KEY UPDATE
            Precio = VALUES(Precio)
[2026-01-02 11:08:25] SERVICE ID | INSERT INTO froshlav_3.precios
            (ServicioID, TipoCategoriaID, Precio)
         VALUES (?, ?, ?)
         ON DUPLICATE KEY UPDATE
            Precio = VALUES(Precio)
[2026-01-02 11:10:34] USER INFO | Array
(
    [id] => 7
    [name] => Javier Saavedra
    [email] => myinterpal@gmail.com
    [user_name] => 
    [id_empresa] => 3
    [estado] => activo
    [role_id] => 1
    [role_name] => Administrador
    [Reportes] => 1
    [Usuarios] => 1
    [Clientes] => 1
    [Ordenes] => 1
    [Actividad] => 1
    [Financiero] => 1
    [company] => Array
        (
            [id] => 3
            [name] => URBANO CARWASH
            [db] => froshlav_3
            [estado] => activo
            [plan] => 1
            [active] => 1
        )

)

[2026-01-02 11:10:34] RAW INPUT | Array
(
    [id] => 0
    [descripcion] => NUEVO
    [precios] => Array
        (
            [0] => Array
                (
                    [categoria_id] => 1
                    [precio] => 2000
                )

            [1] => Array
                (
                    [categoria_id] => 2
                    [precio] => 3000
                )

            [2] => Array
                (
                    [categoria_id] => 3
                    [precio] => 5000
                )

            [3] => Array
                (
                    [categoria_id] => 7
                    [precio] => 4000
                )

            [4] => Array
                (
                    [categoria_id] => 8
                    [precio] => 6000
                )

            [5] => Array
                (
                    [categoria_id] => 9
                    [precio] => 7000
                )

            [6] => Array
                (
                    [categoria_id] => 10
                    [precio] => 1000
                )

        )

)

[2026-01-02 11:10:34] DB NAME | froshlav_3
[2026-01-02 11:10:34] CREATING SERVICE | NUEVO|34
[2026-01-02 11:10:34] SERVICE ID | INSERT INTO froshlav_3.precios
            (ServicioID, TipoCategoriaID, Precio)
         VALUES (?, ?, ?)
         ON DUPLICATE KEY UPDATE
            Precio = VALUES(Precio)
[2026-01-02 11:10:34] SERVICE ID | INSERT INTO froshlav_3.precios
            (ServicioID, TipoCategoriaID, Precio)
         VALUES (?, ?, ?)
         ON DUPLICATE KEY UPDATE
            Precio = VALUES(Precio)
[2026-01-02 11:10:34] SERVICE ID | INSERT INTO froshlav_3.precios
            (ServicioID, TipoCategoriaID, Precio)
         VALUES (?, ?, ?)
         ON DUPLICATE KEY UPDATE
            Precio = VALUES(Precio)
[2026-01-02 11:10:34] SERVICE ID | INSERT INTO froshlav_3.precios
            (ServicioID, TipoCategoriaID, Precio)
         VALUES (?, ?, ?)
         ON DUPLICATE KEY UPDATE
            Precio = VALUES(Precio)
[2026-01-02 11:10:34] SERVICE ID | INSERT INTO froshlav_3.precios
            (ServicioID, TipoCategoriaID, Precio)
         VALUES (?, ?, ?)
         ON DUPLICATE KEY UPDATE
            Precio = VALUES(Precio)
[2026-01-02 11:10:34] SERVICE ID | INSERT INTO froshlav_3.precios
            (ServicioID, TipoCategoriaID, Precio)
         VALUES (?, ?, ?)
         ON DUPLICATE KEY UPDATE
            Precio = VALUES(Precio)
[2026-01-02 11:10:34] SERVICE ID | INSERT INTO froshlav_3.precios
            (ServicioID, TipoCategoriaID, Precio)
         VALUES (?, ?, ?)
         ON DUPLICATE KEY UPDATE
            Precio = VALUES(Precio)
[2026-01-02 11:25:10] USER INFO | Array
(
    [id] => 7
    [name] => Javier Saavedra
    [email] => myinterpal@gmail.com
    [user_name] => 
    [id_empresa] => 3
    [estado] => activo
    [role_id] => 1
    [role_name] => Administrador
    [Reportes] => 1
    [Usuarios] => 1
    [Clientes] => 1
    [Ordenes] => 1
    [Actividad] => 1
    [Financiero] => 1
    [company] => Array
        (
            [id] => 3
            [name] => URBANO CARWASH
            [db] => froshlav_3
            [estado] => activo
            [plan] => 1
            [active] => 1
        )

)

[2026-01-02 11:25:10] RAW INPUT | Array
(
    [id] => 11
    [descripcion] => Lavado Exteriores01
    [precios] => Array
        (
            [0] => Array
                (
                    [categoria_id] => 1
                    [precio] => 5001
                )

            [1] => Array
                (
                    [categoria_id] => 7
                    [precio] => 4001
                )

        )

)

[2026-01-02 11:25:10] DB NAME | froshlav_3
[2026-01-02 11:25:10] UPDATING SERVICE | 11
[2026-01-02 11:25:10] SERVICE ID | INSERT INTO froshlav_3.precios
            (ServicioID, TipoCategoriaID, Precio)
         VALUES (?, ?, ?)
         ON DUPLICATE KEY UPDATE
            Precio = VALUES(Precio)
[2026-01-02 11:25:10] SERVICE ID | INSERT INTO froshlav_3.precios
            (ServicioID, TipoCategoriaID, Precio)
         VALUES (?, ?, ?)
         ON DUPLICATE KEY UPDATE
            Precio = VALUES(Precio)
[2026-01-02 12:03:45] USER INFO | Array
(
    [id] => 7
    [name] => Javier Saavedra
    [email] => myinterpal@gmail.com
    [user_name] => 
    [id_empresa] => 3
    [estado] => activo
    [role_id] => 1
    [role_name] => Administrador
    [Reportes] => 1
    [Usuarios] => 1
    [Clientes] => 1
    [Ordenes] => 1
    [Actividad] => 1
    [Financiero] => 1
    [company] => Array
        (
            [id] => 3
            [name] => URBANO CARWASH
            [db] => froshlav_3
            [estado] => activo
            [plan] => 1
            [active] => 1
        )

)

[2026-01-02 12:03:45] RAW INPUT | Array
(
    [id] => 11
    [descripcion] => Lavado Exteriores
    [precios] => Array
        (
            [0] => Array
                (
                    [categoria_id] => 1
                    [precio] => 5000
                )

            [1] => Array
                (
                    [categoria_id] => 2
                    [precio] => 2000
                )

            [2] => Array
                (
                    [categoria_id] => 3
                    [precio] => 5000
                )

            [3] => Array
                (
                    [categoria_id] => 7
                    [precio] => 4001
                )

            [4] => Array
                (
                    [categoria_id] => 8
                    [precio] => 2050
                )

            [5] => Array
                (
                    [categoria_id] => 9
                    [precio] => 500
                )

            [6] => Array
                (
                    [categoria_id] => 10
                    [precio] => 6000
                )

        )

)

[2026-01-02 12:03:45] DB NAME | froshlav_3
[2026-01-02 12:03:45] UPDATING SERVICE | 11
[2026-01-02 12:03:45] SERVICE ID | INSERT INTO froshlav_3.precios
            (ServicioID, TipoCategoriaID, Precio)
         VALUES (?, ?, ?)
         ON DUPLICATE KEY UPDATE
            Precio = VALUES(Precio)
[2026-01-02 12:03:45] SERVICE ID | INSERT INTO froshlav_3.precios
            (ServicioID, TipoCategoriaID, Precio)
         VALUES (?, ?, ?)
         ON DUPLICATE KEY UPDATE
            Precio = VALUES(Precio)
[2026-01-02 12:03:45] SERVICE ID | INSERT INTO froshlav_3.precios
            (ServicioID, TipoCategoriaID, Precio)
         VALUES (?, ?, ?)
         ON DUPLICATE KEY UPDATE
            Precio = VALUES(Precio)
[2026-01-02 12:03:45] SERVICE ID | INSERT INTO froshlav_3.precios
            (ServicioID, TipoCategoriaID, Precio)
         VALUES (?, ?, ?)
         ON DUPLICATE KEY UPDATE
            Precio = VALUES(Precio)
[2026-01-02 12:03:45] SERVICE ID | INSERT INTO froshlav_3.precios
            (ServicioID, TipoCategoriaID, Precio)
         VALUES (?, ?, ?)
         ON DUPLICATE KEY UPDATE
            Precio = VALUES(Precio)
[2026-01-02 12:03:45] SERVICE ID | INSERT INTO froshlav_3.precios
            (ServicioID, TipoCategoriaID, Precio)
         VALUES (?, ?, ?)
         ON DUPLICATE KEY UPDATE
            Precio = VALUES(Precio)
[2026-01-02 12:03:45] SERVICE ID | INSERT INTO froshlav_3.precios
            (ServicioID, TipoCategoriaID, Precio)
         VALUES (?, ?, ?)
         ON DUPLICATE KEY UPDATE
            Precio = VALUES(Precio)
[2026-01-02 12:07:47] USER INFO | Array
(
    [id] => 7
    [name] => Javier Saavedra
    [email] => myinterpal@gmail.com
    [user_name] => 
    [id_empresa] => 3
    [estado] => activo
    [role_id] => 1
    [role_name] => Administrador
    [Reportes] => 1
    [Usuarios] => 1
    [Clientes] => 1
    [Ordenes] => 1
    [Actividad] => 1
    [Financiero] => 1
    [company] => Array
        (
            [id] => 3
            [name] => URBANO CARWASH
            [db] => froshlav_3
            [estado] => activo
            [plan] => 1
            [active] => 1
        )

)

[2026-01-02 12:07:47] RAW INPUT | Array
(
    [id] => 34
    [descripcion] => NUEVO
    [precios] => Array
        (
            [0] => Array
                (
                    [categoria_id] => 1
                    [precio] => 2000
                )

            [1] => Array
                (
                    [categoria_id] => 2
                    [precio] => 3000
                )

            [2] => Array
                (
                    [categoria_id] => 3
                    [precio] => 5000
                )

            [3] => Array
                (
                    [categoria_id] => 7
                    [precio] => 4000
                )

            [4] => Array
                (
                    [categoria_id] => 8
                    [precio] => 6000
                )

            [5] => Array
                (
                    [categoria_id] => 9
                    [precio] => 7000
                )

            [6] => Array
                (
                    [categoria_id] => 10
                    [precio] => 0
                )

        )

)

[2026-01-02 12:07:47] DB NAME | froshlav_3
[2026-01-02 12:07:47] UPDATING SERVICE | 34
[2026-01-02 12:07:47] SERVICE ID | INSERT INTO froshlav_3.precios
            (ServicioID, TipoCategoriaID, Precio)
         VALUES (?, ?, ?)
         ON DUPLICATE KEY UPDATE
            Precio = VALUES(Precio)
[2026-01-02 12:07:47] SERVICE ID | INSERT INTO froshlav_3.precios
            (ServicioID, TipoCategoriaID, Precio)
         VALUES (?, ?, ?)
         ON DUPLICATE KEY UPDATE
            Precio = VALUES(Precio)
[2026-01-02 12:07:47] SERVICE ID | INSERT INTO froshlav_3.precios
            (ServicioID, TipoCategoriaID, Precio)
         VALUES (?, ?, ?)
         ON DUPLICATE KEY UPDATE
            Precio = VALUES(Precio)
[2026-01-02 12:07:47] SERVICE ID | INSERT INTO froshlav_3.precios
            (ServicioID, TipoCategoriaID, Precio)
         VALUES (?, ?, ?)
         ON DUPLICATE KEY UPDATE
            Precio = VALUES(Precio)
[2026-01-02 12:07:47] SERVICE ID | INSERT INTO froshlav_3.precios
            (ServicioID, TipoCategoriaID, Precio)
         VALUES (?, ?, ?)
         ON DUPLICATE KEY UPDATE
            Precio = VALUES(Precio)
[2026-01-02 12:07:47] SERVICE ID | INSERT INTO froshlav_3.precios
            (ServicioID, TipoCategoriaID, Precio)
         VALUES (?, ?, ?)
         ON DUPLICATE KEY UPDATE
            Precio = VALUES(Precio)
[2026-01-02 12:07:47] SERVICE ID | INSERT INTO froshlav_3.precios
            (ServicioID, TipoCategoriaID, Precio)
         VALUES (?, ?, ?)
         ON DUPLICATE KEY UPDATE
            Precio = VALUES(Precio)
[2026-01-02 12:33:11] USER INFO | Array
(
    [id] => 7
    [name] => Javier Saavedra
    [email] => myinterpal@gmail.com
    [user_name] => 
    [id_empresa] => 3
    [estado] => activo
    [role_id] => 1
    [role_name] => Administrador
    [Reportes] => 1
    [Usuarios] => 1
    [Clientes] => 1
    [Ordenes] => 1
    [Actividad] => 1
    [Financiero] => 1
    [company] => Array
        (
            [id] => 3
            [name] => URBANO CARWASH
            [db] => froshlav_3
            [estado] => activo
            [plan] => 1
            [active] => 1
        )

)

[2026-01-02 12:33:11] RAW INPUT | Array
(
    [id] => 12
    [descripcion] => Lavado Interior
    [precios] => Array
        (
            [0] => Array
                (
                    [categoria_id] => 1
                    [precio] => 4000
                )

            [1] => Array
                (
                    [categoria_id] => 2
                    [precio] => 5000
                )

            [2] => Array
                (
                    [categoria_id] => 3
                    [precio] => 6000
                )

            [3] => Array
                (
                    [categoria_id] => 7
                    [precio] => 8000
                )

            [4] => Array
                (
                    [categoria_id] => 8
                    [precio] => 12000
                )

            [5] => Array
                (
                    [categoria_id] => 9
                    [precio] => 14000
                )

            [6] => Array
                (
                    [categoria_id] => 10
                    [precio] => 0
                )

        )

)

[2026-01-02 12:33:11] DB NAME | froshlav_3
[2026-01-02 12:33:11] UPDATING SERVICE | 12
[2026-01-02 12:33:11] SERVICE ID | INSERT INTO froshlav_3.precios
            (ServicioID, TipoCategoriaID, Precio)
         VALUES (?, ?, ?)
         ON DUPLICATE KEY UPDATE
            Precio = VALUES(Precio)
[2026-01-02 12:33:11] SERVICE ID | INSERT INTO froshlav_3.precios
            (ServicioID, TipoCategoriaID, Precio)
         VALUES (?, ?, ?)
         ON DUPLICATE KEY UPDATE
            Precio = VALUES(Precio)
[2026-01-02 12:33:11] SERVICE ID | INSERT INTO froshlav_3.precios
            (ServicioID, TipoCategoriaID, Precio)
         VALUES (?, ?, ?)
         ON DUPLICATE KEY UPDATE
            Precio = VALUES(Precio)
[2026-01-02 12:33:11] SERVICE ID | INSERT INTO froshlav_3.precios
            (ServicioID, TipoCategoriaID, Precio)
         VALUES (?, ?, ?)
         ON DUPLICATE KEY UPDATE
            Precio = VALUES(Precio)
[2026-01-02 12:33:11] SERVICE ID | INSERT INTO froshlav_3.precios
            (ServicioID, TipoCategoriaID, Precio)
         VALUES (?, ?, ?)
         ON DUPLICATE KEY UPDATE
            Precio = VALUES(Precio)
[2026-01-02 12:33:11] SERVICE ID | INSERT INTO froshlav_3.precios
            (ServicioID, TipoCategoriaID, Precio)
         VALUES (?, ?, ?)
         ON DUPLICATE KEY UPDATE
            Precio = VALUES(Precio)
[2026-01-02 12:33:11] SERVICE ID | INSERT INTO froshlav_3.precios
            (ServicioID, TipoCategoriaID, Precio)
         VALUES (?, ?, ?)
         ON DUPLICATE KEY UPDATE
            Precio = VALUES(Precio)
[2026-01-02 12:43:52] USER INFO | Array
(
    [id] => 7
    [name] => Javier Saavedra
    [email] => myinterpal@gmail.com
    [user_name] => 
    [id_empresa] => 3
    [estado] => activo
    [role_id] => 1
    [role_name] => Administrador
    [Reportes] => 1
    [Usuarios] => 1
    [Clientes] => 1
    [Ordenes] => 1
    [Actividad] => 1
    [Financiero] => 1
    [company] => Array
        (
            [id] => 3
            [name] => URBANO CARWASH
            [db] => froshlav_3
            [estado] => activo
            [plan] => 1
            [active] => 1
        )

)

[2026-01-02 12:43:52] RAW INPUT | Array
(
    [id] => 12
    [descripcion] => Lavado Interior
    [precios] => Array
        (
            [0] => Array
                (
                    [categoria_id] => 1
                    [precio] => 4000
                )

            [1] => Array
                (
                    [categoria_id] => 2
                    [precio] => 5000
                )

            [2] => Array
                (
                    [categoria_id] => 3
                    [precio] => 6000
                )

            [3] => Array
                (
                    [categoria_id] => 7
                    [precio] => 8000
                )

            [4] => Array
                (
                    [categoria_id] => 8
                    [precio] => 12000
                )

            [5] => Array
                (
                    [categoria_id] => 9
                    [precio] => 14000
                )

            [6] => Array
                (
                    [categoria_id] => 10
                    [precio] => 500
                )

        )

)

[2026-01-02 12:43:52] DB NAME | froshlav_3
[2026-01-02 12:43:52] UPDATING SERVICE | 12
[2026-01-02 12:43:52] SERVICE ID | INSERT INTO froshlav_3.precios
            (ServicioID, TipoCategoriaID, Precio)
         VALUES (?, ?, ?)
         ON DUPLICATE KEY UPDATE
            Precio = VALUES(Precio)
[2026-01-02 12:43:52] SERVICE ID | INSERT INTO froshlav_3.precios
            (ServicioID, TipoCategoriaID, Precio)
         VALUES (?, ?, ?)
         ON DUPLICATE KEY UPDATE
            Precio = VALUES(Precio)
[2026-01-02 12:43:52] SERVICE ID | INSERT INTO froshlav_3.precios
            (ServicioID, TipoCategoriaID, Precio)
         VALUES (?, ?, ?)
         ON DUPLICATE KEY UPDATE
            Precio = VALUES(Precio)
[2026-01-02 12:43:52] SERVICE ID | INSERT INTO froshlav_3.precios
            (ServicioID, TipoCategoriaID, Precio)
         VALUES (?, ?, ?)
         ON DUPLICATE KEY UPDATE
            Precio = VALUES(Precio)
[2026-01-02 12:43:52] SERVICE ID | INSERT INTO froshlav_3.precios
            (ServicioID, TipoCategoriaID, Precio)
         VALUES (?, ?, ?)
         ON DUPLICATE KEY UPDATE
            Precio = VALUES(Precio)
[2026-01-02 12:43:52] SERVICE ID | INSERT INTO froshlav_3.precios
            (ServicioID, TipoCategoriaID, Precio)
         VALUES (?, ?, ?)
         ON DUPLICATE KEY UPDATE
            Precio = VALUES(Precio)
[2026-01-02 12:43:52] SERVICE ID | INSERT INTO froshlav_3.precios
            (ServicioID, TipoCategoriaID, Precio)
         VALUES (?, ?, ?)
         ON DUPLICATE KEY UPDATE
            Precio = VALUES(Precio)
[2026-01-02 12:44:13] USER INFO | Array
(
    [id] => 7
    [name] => Javier Saavedra
    [email] => myinterpal@gmail.com
    [user_name] => 
    [id_empresa] => 3
    [estado] => activo
    [role_id] => 1
    [role_name] => Administrador
    [Reportes] => 1
    [Usuarios] => 1
    [Clientes] => 1
    [Ordenes] => 1
    [Actividad] => 1
    [Financiero] => 1
    [company] => Array
        (
            [id] => 3
            [name] => URBANO CARWASH
            [db] => froshlav_3
            [estado] => activo
            [plan] => 1
            [active] => 1
        )

)

[2026-01-02 12:44:13] RAW INPUT | Array
(
    [id] => 34
    [descripcion] => NUEVO
    [precios] => Array
        (
            [0] => Array
                (
                    [categoria_id] => 1
                    [precio] => 2000
                )

            [1] => Array
                (
                    [categoria_id] => 2
                    [precio] => 3000
                )

            [2] => Array
                (
                    [categoria_id] => 3
                    [precio] => 5000
                )

            [3] => Array
                (
                    [categoria_id] => 7
                    [precio] => 4000
                )

            [4] => Array
                (
                    [categoria_id] => 8
                    [precio] => 6000
                )

            [5] => Array
                (
                    [categoria_id] => 9
                    [precio] => 7000
                )

            [6] => Array
                (
                    [categoria_id] => 10
                    [precio] => 1000
                )

        )

)

[2026-01-02 12:44:13] DB NAME | froshlav_3
[2026-01-02 12:44:13] UPDATING SERVICE | 34
[2026-01-02 12:44:13] SERVICE ID | INSERT INTO froshlav_3.precios
            (ServicioID, TipoCategoriaID, Precio)
         VALUES (?, ?, ?)
         ON DUPLICATE KEY UPDATE
            Precio = VALUES(Precio)
[2026-01-02 12:44:13] SERVICE ID | INSERT INTO froshlav_3.precios
            (ServicioID, TipoCategoriaID, Precio)
         VALUES (?, ?, ?)
         ON DUPLICATE KEY UPDATE
            Precio = VALUES(Precio)
[2026-01-02 12:44:13] SERVICE ID | INSERT INTO froshlav_3.precios
            (ServicioID, TipoCategoriaID, Precio)
         VALUES (?, ?, ?)
         ON DUPLICATE KEY UPDATE
            Precio = VALUES(Precio)
[2026-01-02 12:44:13] SERVICE ID | INSERT INTO froshlav_3.precios
            (ServicioID, TipoCategoriaID, Precio)
         VALUES (?, ?, ?)
         ON DUPLICATE KEY UPDATE
            Precio = VALUES(Precio)
[2026-01-02 12:44:13] SERVICE ID | INSERT INTO froshlav_3.precios
            (ServicioID, TipoCategoriaID, Precio)
         VALUES (?, ?, ?)
         ON DUPLICATE KEY UPDATE
            Precio = VALUES(Precio)
[2026-01-02 12:44:13] SERVICE ID | INSERT INTO froshlav_3.precios
            (ServicioID, TipoCategoriaID, Precio)
         VALUES (?, ?, ?)
         ON DUPLICATE KEY UPDATE
            Precio = VALUES(Precio)
[2026-01-02 12:44:13] SERVICE ID | INSERT INTO froshlav_3.precios
            (ServicioID, TipoCategoriaID, Precio)
         VALUES (?, ?, ?)
         ON DUPLICATE KEY UPDATE
            Precio = VALUES(Precio)
[2026-01-02 12:45:04] USER INFO | Array
(
    [id] => 7
    [name] => Javier Saavedra
    [email] => myinterpal@gmail.com
    [user_name] => 
    [id_empresa] => 3
    [estado] => activo
    [role_id] => 1
    [role_name] => Administrador
    [Reportes] => 1
    [Usuarios] => 1
    [Clientes] => 1
    [Ordenes] => 1
    [Actividad] => 1
    [Financiero] => 1
    [company] => Array
        (
            [id] => 3
            [name] => URBANO CARWASH
            [db] => froshlav_3
            [estado] => activo
            [plan] => 1
            [active] => 1
        )

)

[2026-01-02 12:45:04] RAW INPUT | Array
(
    [id] => 34
    [descripcion] => NUEVO
    [precios] => Array
        (
            [0] => Array
                (
                    [categoria_id] => 1
                    [precio] => 2000
                )

            [1] => Array
                (
                    [categoria_id] => 2
                    [precio] => 3000
                )

            [2] => Array
                (
                    [categoria_id] => 3
                    [precio] => 5000
                )

            [3] => Array
                (
                    [categoria_id] => 7
                    [precio] => 4000
                )

            [4] => Array
                (
                    [categoria_id] => 8
                    [precio] => 6000
                )

            [5] => Array
                (
                    [categoria_id] => 9
                    [precio] => 7000
                )

            [6] => Array
                (
                    [categoria_id] => 10
                    [precio] => 2000
                )

        )

)

[2026-01-02 12:45:04] DB NAME | froshlav_3
[2026-01-02 12:45:04] UPDATING SERVICE | 34
[2026-01-02 12:45:04] SERVICE ID | INSERT INTO froshlav_3.precios
            (ServicioID, TipoCategoriaID, Precio)
         VALUES (?, ?, ?)
         ON DUPLICATE KEY UPDATE
            Precio = VALUES(Precio)
[2026-01-02 12:45:04] SERVICE ID | INSERT INTO froshlav_3.precios
            (ServicioID, TipoCategoriaID, Precio)
         VALUES (?, ?, ?)
         ON DUPLICATE KEY UPDATE
            Precio = VALUES(Precio)
[2026-01-02 12:45:04] SERVICE ID | INSERT INTO froshlav_3.precios
            (ServicioID, TipoCategoriaID, Precio)
         VALUES (?, ?, ?)
         ON DUPLICATE KEY UPDATE
            Precio = VALUES(Precio)
[2026-01-02 12:45:04] SERVICE ID | INSERT INTO froshlav_3.precios
            (ServicioID, TipoCategoriaID, Precio)
         VALUES (?, ?, ?)
         ON DUPLICATE KEY UPDATE
            Precio = VALUES(Precio)
[2026-01-02 12:45:04] SERVICE ID | INSERT INTO froshlav_3.precios
            (ServicioID, TipoCategoriaID, Precio)
         VALUES (?, ?, ?)
         ON DUPLICATE KEY UPDATE
            Precio = VALUES(Precio)
[2026-01-02 12:45:04] SERVICE ID | INSERT INTO froshlav_3.precios
            (ServicioID, TipoCategoriaID, Precio)
         VALUES (?, ?, ?)
         ON DUPLICATE KEY UPDATE
            Precio = VALUES(Precio)
[2026-01-02 12:45:04] SERVICE ID | INSERT INTO froshlav_3.precios
            (ServicioID, TipoCategoriaID, Precio)
         VALUES (?, ?, ?)
         ON DUPLICATE KEY UPDATE
            Precio = VALUES(Precio)
[2026-01-02 12:56:43] USER INFO | Array
(
    [id] => 7
    [name] => Javier Saavedra
    [email] => myinterpal@gmail.com
    [user_name] => 
    [id_empresa] => 3
    [estado] => activo
    [role_id] => 1
    [role_name] => Administrador
    [Reportes] => 1
    [Usuarios] => 1
    [Clientes] => 1
    [Ordenes] => 1
    [Actividad] => 1
    [Financiero] => 1
    [company] => Array
        (
            [id] => 3
            [name] => URBANO CARWASH
            [db] => froshlav_3
            [estado] => activo
            [plan] => 1
            [active] => 1
        )

)

[2026-01-02 12:56:43] RAW INPUT | Array
(
    [id] => 11
    [descripcion] => Lavado Exteriores
    [precios] => Array
        (
            [0] => Array
                (
                    [categoria_id] => 1
                    [precio] => 5000
                )

            [1] => Array
                (
                    [categoria_id] => 2
                    [precio] => 2000
                )

            [2] => Array
                (
                    [categoria_id] => 3
                    [precio] => 5000
                )

            [3] => Array
                (
                    [categoria_id] => 7
                    [precio] => 4001
                )

            [4] => Array
                (
                    [categoria_id] => 8
                    [precio] => 2050
                )

            [5] => Array
                (
                    [categoria_id] => 9
                    [precio] => 500
                )

            [6] => Array
                (
                    [categoria_id] => 10
                    [precio] => 6000
                )

        )

)

[2026-01-02 12:56:43] DB NAME | froshlav_3
[2026-01-02 12:56:43] UPDATING SERVICE | 11
[2026-01-02 12:56:43] SERVICE ID | INSERT INTO froshlav_3.precios
            (ServicioID, TipoCategoriaID, Precio)
         VALUES (?, ?, ?)
         ON DUPLICATE KEY UPDATE
            Precio = VALUES(Precio)
[2026-01-02 12:56:43] SERVICE ID | INSERT INTO froshlav_3.precios
            (ServicioID, TipoCategoriaID, Precio)
         VALUES (?, ?, ?)
         ON DUPLICATE KEY UPDATE
            Precio = VALUES(Precio)
[2026-01-02 12:56:43] SERVICE ID | INSERT INTO froshlav_3.precios
            (ServicioID, TipoCategoriaID, Precio)
         VALUES (?, ?, ?)
         ON DUPLICATE KEY UPDATE
            Precio = VALUES(Precio)
[2026-01-02 12:56:43] SERVICE ID | INSERT INTO froshlav_3.precios
            (ServicioID, TipoCategoriaID, Precio)
         VALUES (?, ?, ?)
         ON DUPLICATE KEY UPDATE
            Precio = VALUES(Precio)
[2026-01-02 12:56:43] SERVICE ID | INSERT INTO froshlav_3.precios
            (ServicioID, TipoCategoriaID, Precio)
         VALUES (?, ?, ?)
         ON DUPLICATE KEY UPDATE
            Precio = VALUES(Precio)
[2026-01-02 12:56:43] SERVICE ID | INSERT INTO froshlav_3.precios
            (ServicioID, TipoCategoriaID, Precio)
         VALUES (?, ?, ?)
         ON DUPLICATE KEY UPDATE
            Precio = VALUES(Precio)
[2026-01-02 12:56:43] SERVICE ID | INSERT INTO froshlav_3.precios
            (ServicioID, TipoCategoriaID, Precio)
         VALUES (?, ?, ?)
         ON DUPLICATE KEY UPDATE
            Precio = VALUES(Precio)
[2026-01-02 12:57:09] USER INFO | Array
(
    [id] => 7
    [name] => Javier Saavedra
    [email] => myinterpal@gmail.com
    [user_name] => 
    [id_empresa] => 3
    [estado] => activo
    [role_id] => 1
    [role_name] => Administrador
    [Reportes] => 1
    [Usuarios] => 1
    [Clientes] => 1
    [Ordenes] => 1
    [Actividad] => 1
    [Financiero] => 1
    [company] => Array
        (
            [id] => 3
            [name] => URBANO CARWASH
            [db] => froshlav_3
            [estado] => activo
            [plan] => 1
            [active] => 1
        )

)

[2026-01-02 12:57:09] RAW INPUT | Array
(
    [id] => 17
    [descripcion] => Lavado de Motor
    [precios] => Array
        (
            [0] => Array
                (
                    [categoria_id] => 1
                    [precio] => 3000
                )

            [1] => Array
                (
                    [categoria_id] => 2
                    [precio] => 3000
                )

            [2] => Array
                (
                    [categoria_id] => 3
                    [precio] => 3000
                )

            [3] => Array
                (
                    [categoria_id] => 7
                    [precio] => 3000
                )

            [4] => Array
                (
                    [categoria_id] => 8
                    [precio] => 4000
                )

            [5] => Array
                (
                    [categoria_id] => 9
                    [precio] => 5000
                )

            [6] => Array
                (
                    [categoria_id] => 10
                    [precio] => 1000
                )

        )

)

[2026-01-02 12:57:09] DB NAME | froshlav_3
[2026-01-02 12:57:09] UPDATING SERVICE | 17
[2026-01-02 12:57:09] SERVICE ID | INSERT INTO froshlav_3.precios
            (ServicioID, TipoCategoriaID, Precio)
         VALUES (?, ?, ?)
         ON DUPLICATE KEY UPDATE
            Precio = VALUES(Precio)
[2026-01-02 12:57:09] SERVICE ID | INSERT INTO froshlav_3.precios
            (ServicioID, TipoCategoriaID, Precio)
         VALUES (?, ?, ?)
         ON DUPLICATE KEY UPDATE
            Precio = VALUES(Precio)
[2026-01-02 12:57:09] SERVICE ID | INSERT INTO froshlav_3.precios
            (ServicioID, TipoCategoriaID, Precio)
         VALUES (?, ?, ?)
         ON DUPLICATE KEY UPDATE
            Precio = VALUES(Precio)
[2026-01-02 12:57:09] SERVICE ID | INSERT INTO froshlav_3.precios
            (ServicioID, TipoCategoriaID, Precio)
         VALUES (?, ?, ?)
         ON DUPLICATE KEY UPDATE
            Precio = VALUES(Precio)
[2026-01-02 12:57:09] SERVICE ID | INSERT INTO froshlav_3.precios
            (ServicioID, TipoCategoriaID, Precio)
         VALUES (?, ?, ?)
         ON DUPLICATE KEY UPDATE
            Precio = VALUES(Precio)
[2026-01-02 12:57:09] SERVICE ID | INSERT INTO froshlav_3.precios
            (ServicioID, TipoCategoriaID, Precio)
         VALUES (?, ?, ?)
         ON DUPLICATE KEY UPDATE
            Precio = VALUES(Precio)
[2026-01-02 12:57:09] SERVICE ID | INSERT INTO froshlav_3.precios
            (ServicioID, TipoCategoriaID, Precio)
         VALUES (?, ?, ?)
         ON DUPLICATE KEY UPDATE
            Precio = VALUES(Precio)
[2026-01-02 13:03:08] USER INFO | Array
(
    [id] => 7
    [name] => Javier Saavedra
    [email] => myinterpal@gmail.com
    [user_name] => 
    [id_empresa] => 3
    [estado] => activo
    [role_id] => 1
    [role_name] => Administrador
    [Reportes] => 1
    [Usuarios] => 1
    [Clientes] => 1
    [Ordenes] => 1
    [Actividad] => 1
    [Financiero] => 1
    [company] => Array
        (
            [id] => 3
            [name] => URBANO CARWASH
            [db] => froshlav_3
            [estado] => activo
            [plan] => 1
            [active] => 1
        )

)

[2026-01-02 13:03:08] RAW INPUT | Array
(
    [id] => 11
    [descripcion] => Lavado Exteriores
    [precios] => Array
        (
            [0] => Array
                (
                    [categoria_id] => 1
                    [precio] => 5000
                )

            [1] => Array
                (
                    [categoria_id] => 2
                    [precio] => 2000
                )

            [2] => Array
                (
                    [categoria_id] => 3
                    [precio] => 5000
                )

            [3] => Array
                (
                    [categoria_id] => 7
                    [precio] => 4001
                )

            [4] => Array
                (
                    [categoria_id] => 8
                    [precio] => 2050
                )

            [5] => Array
                (
                    [categoria_id] => 9
                    [precio] => 500
                )

            [6] => Array
                (
                    [categoria_id] => 10
                    [precio] => 6000
                )

        )

)

[2026-01-02 13:03:08] DB NAME | froshlav_3
[2026-01-02 13:03:08] UPDATING SERVICE | 11
[2026-01-02 13:03:08] SERVICE ID | INSERT INTO froshlav_3.precios
            (ServicioID, TipoCategoriaID, Precio)
         VALUES (?, ?, ?)
         ON DUPLICATE KEY UPDATE
            Precio = VALUES(Precio)
[2026-01-02 13:03:08] SERVICE ID | INSERT INTO froshlav_3.precios
            (ServicioID, TipoCategoriaID, Precio)
         VALUES (?, ?, ?)
         ON DUPLICATE KEY UPDATE
            Precio = VALUES(Precio)
[2026-01-02 13:03:08] SERVICE ID | INSERT INTO froshlav_3.precios
            (ServicioID, TipoCategoriaID, Precio)
         VALUES (?, ?, ?)
         ON DUPLICATE KEY UPDATE
            Precio = VALUES(Precio)
[2026-01-02 13:03:08] SERVICE ID | INSERT INTO froshlav_3.precios
            (ServicioID, TipoCategoriaID, Precio)
         VALUES (?, ?, ?)
         ON DUPLICATE KEY UPDATE
            Precio = VALUES(Precio)
[2026-01-02 13:03:08] SERVICE ID | INSERT INTO froshlav_3.precios
            (ServicioID, TipoCategoriaID, Precio)
         VALUES (?, ?, ?)
         ON DUPLICATE KEY UPDATE
            Precio = VALUES(Precio)
[2026-01-02 13:03:08] SERVICE ID | INSERT INTO froshlav_3.precios
            (ServicioID, TipoCategoriaID, Precio)
         VALUES (?, ?, ?)
         ON DUPLICATE KEY UPDATE
            Precio = VALUES(Precio)
[2026-01-02 13:03:08] SERVICE ID | INSERT INTO froshlav_3.precios
            (ServicioID, TipoCategoriaID, Precio)
         VALUES (?, ?, ?)
         ON DUPLICATE KEY UPDATE
            Precio = VALUES(Precio)
[2026-01-09 11:24:11] USER INFO | Array
(
    [id] => 7
    [name] => Javier Saavedra
    [email] => myinterpal@gmail.com
    [user_name] => 
    [id_empresa] => 3
    [estado] => activo
    [role_id] => 1
    [role_name] => Administrador
    [Reportes] => 1
    [Usuarios] => 1
    [Clientes] => 1
    [Ordenes] => 1
    [Actividad] => 1
    [Financiero] => 1
    [company] => Array
        (
            [id] => 3
            [name] => URBANO CARWASH
            [db] => froshlav_3
            [estado] => activo
            [plan] => 1
            [active] => 1
        )

)

[2026-01-09 11:24:11] RAW INPUT | Array
(
    [id] => 11
    [descripcion] => Lavado Exteriores
    [precios] => Array
        (
            [0] => Array
                (
                    [categoria_id] => 1
                    [precio] => 6000
                )

            [1] => Array
                (
                    [categoria_id] => 2
                    [precio] => 2000
                )

            [2] => Array
                (
                    [categoria_id] => 3
                    [precio] => 5000
                )

            [3] => Array
                (
                    [categoria_id] => 7
                    [precio] => 4001
                )

            [4] => Array
                (
                    [categoria_id] => 8
                    [precio] => 2050
                )

            [5] => Array
                (
                    [categoria_id] => 9
                    [precio] => 500
                )

            [6] => Array
                (
                    [categoria_id] => 10
                    [precio] => 6000
                )

        )

)

[2026-01-09 11:24:11] DB NAME | froshlav_3
[2026-01-09 11:24:11] UPDATING SERVICE | 11
[2026-01-09 11:24:11] SERVICE ID | INSERT INTO froshlav_3.precios
            (ServicioID, TipoCategoriaID, Precio)
         VALUES (?, ?, ?)
         ON DUPLICATE KEY UPDATE
            Precio = VALUES(Precio)
[2026-01-09 11:24:11] SERVICE ID | INSERT INTO froshlav_3.precios
            (ServicioID, TipoCategoriaID, Precio)
         VALUES (?, ?, ?)
         ON DUPLICATE KEY UPDATE
            Precio = VALUES(Precio)
[2026-01-09 11:24:11] SERVICE ID | INSERT INTO froshlav_3.precios
            (ServicioID, TipoCategoriaID, Precio)
         VALUES (?, ?, ?)
         ON DUPLICATE KEY UPDATE
            Precio = VALUES(Precio)
[2026-01-09 11:24:11] SERVICE ID | INSERT INTO froshlav_3.precios
            (ServicioID, TipoCategoriaID, Precio)
         VALUES (?, ?, ?)
         ON DUPLICATE KEY UPDATE
            Precio = VALUES(Precio)
[2026-01-09 11:24:11] SERVICE ID | INSERT INTO froshlav_3.precios
            (ServicioID, TipoCategoriaID, Precio)
         VALUES (?, ?, ?)
         ON DUPLICATE KEY UPDATE
            Precio = VALUES(Precio)
[2026-01-09 11:24:11] SERVICE ID | INSERT INTO froshlav_3.precios
            (ServicioID, TipoCategoriaID, Precio)
         VALUES (?, ?, ?)
         ON DUPLICATE KEY UPDATE
            Precio = VALUES(Precio)
[2026-01-09 11:24:11] SERVICE ID | INSERT INTO froshlav_3.precios
            (ServicioID, TipoCategoriaID, Precio)
         VALUES (?, ?, ?)
         ON DUPLICATE KEY UPDATE
            Precio = VALUES(Precio)
[2026-01-09 11:24:46] USER INFO | Array
(
    [id] => 7
    [name] => Javier Saavedra
    [email] => myinterpal@gmail.com
    [user_name] => 
    [id_empresa] => 3
    [estado] => activo
    [role_id] => 1
    [role_name] => Administrador
    [Reportes] => 1
    [Usuarios] => 1
    [Clientes] => 1
    [Ordenes] => 1
    [Actividad] => 1
    [Financiero] => 1
    [company] => Array
        (
            [id] => 3
            [name] => URBANO CARWASH
            [db] => froshlav_3
            [estado] => activo
            [plan] => 1
            [active] => 1
        )

)

[2026-01-09 11:24:46] RAW INPUT | Array
(
    [id] => 0
    [descripcion] => Pulido Vidrios
    [precios] => Array
        (
            [0] => Array
                (
                    [categoria_id] => 1
                    [precio] => 20000
                )

            [1] => Array
                (
                    [categoria_id] => 2
                    [precio] => 0
                )

            [2] => Array
                (
                    [categoria_id] => 3
                    [precio] => 0
                )

            [3] => Array
                (
                    [categoria_id] => 7
                    [precio] => 0
                )

            [4] => Array
                (
                    [categoria_id] => 8
                    [precio] => 0
                )

            [5] => Array
                (
                    [categoria_id] => 9
                    [precio] => 0
                )

            [6] => Array
                (
                    [categoria_id] => 10
                    [precio] => 0
                )

        )

)

[2026-01-09 11:24:46] DB NAME | froshlav_3
[2026-01-09 11:24:46] CREATING SERVICE | Pulido Vidrios|35
[2026-01-09 11:24:46] SERVICE ID | INSERT INTO froshlav_3.precios
            (ServicioID, TipoCategoriaID, Precio)
         VALUES (?, ?, ?)
         ON DUPLICATE KEY UPDATE
            Precio = VALUES(Precio)
[2026-01-09 11:24:46] SERVICE ID | INSERT INTO froshlav_3.precios
            (ServicioID, TipoCategoriaID, Precio)
         VALUES (?, ?, ?)
         ON DUPLICATE KEY UPDATE
            Precio = VALUES(Precio)
[2026-01-09 11:24:46] SERVICE ID | INSERT INTO froshlav_3.precios
            (ServicioID, TipoCategoriaID, Precio)
         VALUES (?, ?, ?)
         ON DUPLICATE KEY UPDATE
            Precio = VALUES(Precio)
[2026-01-09 11:24:46] SERVICE ID | INSERT INTO froshlav_3.precios
            (ServicioID, TipoCategoriaID, Precio)
         VALUES (?, ?, ?)
         ON DUPLICATE KEY UPDATE
            Precio = VALUES(Precio)
[2026-01-09 11:24:46] SERVICE ID | INSERT INTO froshlav_3.precios
            (ServicioID, TipoCategoriaID, Precio)
         VALUES (?, ?, ?)
         ON DUPLICATE KEY UPDATE
            Precio = VALUES(Precio)
[2026-01-09 11:24:46] SERVICE ID | INSERT INTO froshlav_3.precios
            (ServicioID, TipoCategoriaID, Precio)
         VALUES (?, ?, ?)
         ON DUPLICATE KEY UPDATE
            Precio = VALUES(Precio)
[2026-01-09 11:24:46] SERVICE ID | INSERT INTO froshlav_3.precios
            (ServicioID, TipoCategoriaID, Precio)
         VALUES (?, ?, ?)
         ON DUPLICATE KEY UPDATE
            Precio = VALUES(Precio)
[2026-01-10 11:21:54] USER INFO | Array
(
    [id] => 8
    [name] => Javier Saavedra
    [email] => jsaavedra@docusend.biz
    [user_name] => javiersaavedra
    [id_empresa] => 8
    [estado] => activo
    [role_id] => 1
    [role_name] => Administrador
    [Reportes] => 1
    [Usuarios] => 1
    [Clientes] => 1
    [Ordenes] => 1
    [Actividad] => 1
    [Financiero] => 1
    [company] => Array
        (
            [id] => 8
            [name] => Interpal
            [db] => froshlav_8
            [estado] => activo
            [plan] => 1
            [active] => 1
        )

)

[2026-01-10 11:21:54] RAW INPUT | Array
(
    [id] => 11
    [descripcion] => Lavado Exteriores
    [precios] => Array
        (
            [0] => Array
                (
                    [categoria_id] => 1
                    [precio] => 4000
                )

            [1] => Array
                (
                    [categoria_id] => 2
                    [precio] => 0
                )

            [2] => Array
                (
                    [categoria_id] => 3
                    [precio] => 0
                )

            [3] => Array
                (
                    [categoria_id] => 7
                    [precio] => 0
                )

            [4] => Array
                (
                    [categoria_id] => 8
                    [precio] => 0
                )

            [5] => Array
                (
                    [categoria_id] => 9
                    [precio] => 0
                )

            [6] => Array
                (
                    [categoria_id] => 10
                    [precio] => 0
                )

        )

)

[2026-01-10 11:21:54] DB NAME | froshlav_8
[2026-01-10 11:21:54] UPDATING SERVICE | 11
[2026-01-10 11:21:54] SERVICE ID | INSERT INTO froshlav_8.precios
            (ServicioID, TipoCategoriaID, Precio)
         VALUES (?, ?, ?)
         ON DUPLICATE KEY UPDATE
            Precio = VALUES(Precio)
[2026-01-10 11:21:54] SERVICE ID | INSERT INTO froshlav_8.precios
            (ServicioID, TipoCategoriaID, Precio)
         VALUES (?, ?, ?)
         ON DUPLICATE KEY UPDATE
            Precio = VALUES(Precio)
[2026-01-10 11:21:54] SERVICE ID | INSERT INTO froshlav_8.precios
            (ServicioID, TipoCategoriaID, Precio)
         VALUES (?, ?, ?)
         ON DUPLICATE KEY UPDATE
            Precio = VALUES(Precio)
[2026-01-10 11:21:54] SERVICE ID | INSERT INTO froshlav_8.precios
            (ServicioID, TipoCategoriaID, Precio)
         VALUES (?, ?, ?)
         ON DUPLICATE KEY UPDATE
            Precio = VALUES(Precio)
[2026-01-10 11:21:54] SERVICE ID | INSERT INTO froshlav_8.precios
            (ServicioID, TipoCategoriaID, Precio)
         VALUES (?, ?, ?)
         ON DUPLICATE KEY UPDATE
            Precio = VALUES(Precio)
[2026-01-10 11:21:54] SERVICE ID | INSERT INTO froshlav_8.precios
            (ServicioID, TipoCategoriaID, Precio)
         VALUES (?, ?, ?)
         ON DUPLICATE KEY UPDATE
            Precio = VALUES(Precio)
[2026-01-10 11:21:54] SERVICE ID | INSERT INTO froshlav_8.precios
            (ServicioID, TipoCategoriaID, Precio)
         VALUES (?, ?, ?)
         ON DUPLICATE KEY UPDATE
            Precio = VALUES(Precio)
[2026-01-10 11:22:36] USER INFO | Array
(
    [id] => 8
    [name] => Javier Saavedra
    [email] => jsaavedra@docusend.biz
    [user_name] => javiersaavedra
    [id_empresa] => 8
    [estado] => activo
    [role_id] => 1
    [role_name] => Administrador
    [Reportes] => 1
    [Usuarios] => 1
    [Clientes] => 1
    [Ordenes] => 1
    [Actividad] => 1
    [Financiero] => 1
    [company] => Array
        (
            [id] => 8
            [name] => Interpal
            [db] => froshlav_8
            [estado] => activo
            [plan] => 1
            [active] => 1
        )

)

[2026-01-10 11:22:36] RAW INPUT | Array
(
    [id] => 11
    [descripcion] => Lavado Exteriores
    [precios] => Array
        (
            [0] => Array
                (
                    [categoria_id] => 1
                    [precio] => 4000
                )

            [1] => Array
                (
                    [categoria_id] => 2
                    [precio] => 5000
                )

            [2] => Array
                (
                    [categoria_id] => 3
                    [precio] => 7000
                )

            [3] => Array
                (
                    [categoria_id] => 7
                    [precio] => 6000
                )

            [4] => Array
                (
                    [categoria_id] => 8
                    [precio] => 8000
                )

            [5] => Array
                (
                    [categoria_id] => 9
                    [precio] => 10000
                )

            [6] => Array
                (
                    [categoria_id] => 10
                    [precio] => 2000
                )

        )

)

[2026-01-10 11:22:36] DB NAME | froshlav_8
[2026-01-10 11:22:36] UPDATING SERVICE | 11
[2026-01-10 11:22:36] SERVICE ID | INSERT INTO froshlav_8.precios
            (ServicioID, TipoCategoriaID, Precio)
         VALUES (?, ?, ?)
         ON DUPLICATE KEY UPDATE
            Precio = VALUES(Precio)
[2026-01-10 11:22:36] SERVICE ID | INSERT INTO froshlav_8.precios
            (ServicioID, TipoCategoriaID, Precio)
         VALUES (?, ?, ?)
         ON DUPLICATE KEY UPDATE
            Precio = VALUES(Precio)
[2026-01-10 11:22:36] SERVICE ID | INSERT INTO froshlav_8.precios
            (ServicioID, TipoCategoriaID, Precio)
         VALUES (?, ?, ?)
         ON DUPLICATE KEY UPDATE
            Precio = VALUES(Precio)
[2026-01-10 11:22:36] SERVICE ID | INSERT INTO froshlav_8.precios
            (ServicioID, TipoCategoriaID, Precio)
         VALUES (?, ?, ?)
         ON DUPLICATE KEY UPDATE
            Precio = VALUES(Precio)
[2026-01-10 11:22:36] SERVICE ID | INSERT INTO froshlav_8.precios
            (ServicioID, TipoCategoriaID, Precio)
         VALUES (?, ?, ?)
         ON DUPLICATE KEY UPDATE
            Precio = VALUES(Precio)
[2026-01-10 11:22:36] SERVICE ID | INSERT INTO froshlav_8.precios
            (ServicioID, TipoCategoriaID, Precio)
         VALUES (?, ?, ?)
         ON DUPLICATE KEY UPDATE
            Precio = VALUES(Precio)
[2026-01-10 11:22:36] SERVICE ID | INSERT INTO froshlav_8.precios
            (ServicioID, TipoCategoriaID, Precio)
         VALUES (?, ?, ?)
         ON DUPLICATE KEY UPDATE
            Precio = VALUES(Precio)
[2026-01-10 11:23:26] USER INFO | Array
(
    [id] => 8
    [name] => Javier Saavedra
    [email] => jsaavedra@docusend.biz
    [user_name] => javiersaavedra
    [id_empresa] => 8
    [estado] => activo
    [role_id] => 1
    [role_name] => Administrador
    [Reportes] => 1
    [Usuarios] => 1
    [Clientes] => 1
    [Ordenes] => 1
    [Actividad] => 1
    [Financiero] => 1
    [company] => Array
        (
            [id] => 8
            [name] => Interpal
            [db] => froshlav_8
            [estado] => activo
            [plan] => 1
            [active] => 1
        )

)

[2026-01-10 11:23:26] RAW INPUT | Array
(
    [id] => 12
    [descripcion] => Limpieza Interior
    [precios] => Array
        (
            [0] => Array
                (
                    [categoria_id] => 1
                    [precio] => 4000
                )

            [1] => Array
                (
                    [categoria_id] => 2
                    [precio] => 4000
                )

            [2] => Array
                (
                    [categoria_id] => 3
                    [precio] => 4000
                )

            [3] => Array
                (
                    [categoria_id] => 7
                    [precio] => 4000
                )

            [4] => Array
                (
                    [categoria_id] => 8
                    [precio] => 4000
                )

            [5] => Array
                (
                    [categoria_id] => 9
                    [precio] => 6000
                )

            [6] => Array
                (
                    [categoria_id] => 10
                    [precio] => 2000
                )

        )

)

[2026-01-10 11:23:26] DB NAME | froshlav_8
[2026-01-10 11:23:26] UPDATING SERVICE | 12
[2026-01-10 11:23:26] SERVICE ID | INSERT INTO froshlav_8.precios
            (ServicioID, TipoCategoriaID, Precio)
         VALUES (?, ?, ?)
         ON DUPLICATE KEY UPDATE
            Precio = VALUES(Precio)
[2026-01-10 11:23:26] SERVICE ID | INSERT INTO froshlav_8.precios
            (ServicioID, TipoCategoriaID, Precio)
         VALUES (?, ?, ?)
         ON DUPLICATE KEY UPDATE
            Precio = VALUES(Precio)
[2026-01-10 11:23:26] SERVICE ID | INSERT INTO froshlav_8.precios
            (ServicioID, TipoCategoriaID, Precio)
         VALUES (?, ?, ?)
         ON DUPLICATE KEY UPDATE
            Precio = VALUES(Precio)
[2026-01-10 11:23:26] SERVICE ID | INSERT INTO froshlav_8.precios
            (ServicioID, TipoCategoriaID, Precio)
         VALUES (?, ?, ?)
         ON DUPLICATE KEY UPDATE
            Precio = VALUES(Precio)
[2026-01-10 11:23:26] SERVICE ID | INSERT INTO froshlav_8.precios
            (ServicioID, TipoCategoriaID, Precio)
         VALUES (?, ?, ?)
         ON DUPLICATE KEY UPDATE
            Precio = VALUES(Precio)
[2026-01-10 11:23:26] SERVICE ID | INSERT INTO froshlav_8.precios
            (ServicioID, TipoCategoriaID, Precio)
         VALUES (?, ?, ?)
         ON DUPLICATE KEY UPDATE
            Precio = VALUES(Precio)
[2026-01-10 11:23:26] SERVICE ID | INSERT INTO froshlav_8.precios
            (ServicioID, TipoCategoriaID, Precio)
         VALUES (?, ?, ?)
         ON DUPLICATE KEY UPDATE
            Precio = VALUES(Precio)
[2026-01-10 11:24:10] USER INFO | Array
(
    [id] => 8
    [name] => Javier Saavedra
    [email] => jsaavedra@docusend.biz
    [user_name] => javiersaavedra
    [id_empresa] => 8
    [estado] => activo
    [role_id] => 1
    [role_name] => Administrador
    [Reportes] => 1
    [Usuarios] => 1
    [Clientes] => 1
    [Ordenes] => 1
    [Actividad] => 1
    [Financiero] => 1
    [company] => Array
        (
            [id] => 8
            [name] => Interpal
            [db] => froshlav_8
            [estado] => activo
            [plan] => 1
            [active] => 1
        )

)

[2026-01-10 11:24:10] RAW INPUT | Array
(
    [id] => 13
    [descripcion] => Lavado Chasis
    [precios] => Array
        (
            [0] => Array
                (
                    [categoria_id] => 1
                    [precio] => 3000
                )

            [1] => Array
                (
                    [categoria_id] => 2
                    [precio] => 3000
                )

            [2] => Array
                (
                    [categoria_id] => 3
                    [precio] => 3000
                )

            [3] => Array
                (
                    [categoria_id] => 7
                    [precio] => 3000
                )

            [4] => Array
                (
                    [categoria_id] => 8
                    [precio] => 0
                )

            [5] => Array
                (
                    [categoria_id] => 9
                    [precio] => 0
                )

            [6] => Array
                (
                    [categoria_id] => 10
                    [precio] => 0
                )

        )

)

[2026-01-10 11:24:10] DB NAME | froshlav_8
[2026-01-10 11:24:10] UPDATING SERVICE | 13
[2026-01-10 11:24:10] SERVICE ID | INSERT INTO froshlav_8.precios
            (ServicioID, TipoCategoriaID, Precio)
         VALUES (?, ?, ?)
         ON DUPLICATE KEY UPDATE
            Precio = VALUES(Precio)
[2026-01-10 11:24:10] SERVICE ID | INSERT INTO froshlav_8.precios
            (ServicioID, TipoCategoriaID, Precio)
         VALUES (?, ?, ?)
         ON DUPLICATE KEY UPDATE
            Precio = VALUES(Precio)
[2026-01-10 11:24:10] SERVICE ID | INSERT INTO froshlav_8.precios
            (ServicioID, TipoCategoriaID, Precio)
         VALUES (?, ?, ?)
         ON DUPLICATE KEY UPDATE
            Precio = VALUES(Precio)
[2026-01-10 11:24:10] SERVICE ID | INSERT INTO froshlav_8.precios
            (ServicioID, TipoCategoriaID, Precio)
         VALUES (?, ?, ?)
         ON DUPLICATE KEY UPDATE
            Precio = VALUES(Precio)
[2026-01-10 11:24:10] SERVICE ID | INSERT INTO froshlav_8.precios
            (ServicioID, TipoCategoriaID, Precio)
         VALUES (?, ?, ?)
         ON DUPLICATE KEY UPDATE
            Precio = VALUES(Precio)
[2026-01-10 11:24:10] SERVICE ID | INSERT INTO froshlav_8.precios
            (ServicioID, TipoCategoriaID, Precio)
         VALUES (?, ?, ?)
         ON DUPLICATE KEY UPDATE
            Precio = VALUES(Precio)
[2026-01-10 11:24:10] SERVICE ID | INSERT INTO froshlav_8.precios
            (ServicioID, TipoCategoriaID, Precio)
         VALUES (?, ?, ?)
         ON DUPLICATE KEY UPDATE
            Precio = VALUES(Precio)
[2026-01-13 12:50:46] USER INFO | Array
(
    [id] => 10
    [name] => Frederick Saavedra
    [email] => myinterpal@gmail.com
    [user_name] => fsaavedra
    [id_empresa] => 10
    [estado] => activo
    [role_id] => 1
    [role_name] => Administrador
    [Reportes] => 1
    [Usuarios] => 1
    [Clientes] => 1
    [Ordenes] => 1
    [Actividad] => 1
    [Financiero] => 1
    [company] => Array
        (
            [id] => 10
            [name] => Nueva01
            [db] => froshlav_10
            [estado] => activo
            [plan] => 1
            [active] => 1
        )

)

[2026-01-13 12:50:46] RAW INPUT | Array
(
    [id] => 1
    [descripcion] => Lavado Exteriores
    [precios] => Array
        (
            [0] => Array
                (
                    [categoria_id] => 1
                    [precio] => 4000
                )

            [1] => Array
                (
                    [categoria_id] => 2
                    [precio] => 4000
                )

            [2] => Array
                (
                    [categoria_id] => 3
                    [precio] => 6000
                )

            [3] => Array
                (
                    [categoria_id] => 7
                    [precio] => 5000
                )

            [4] => Array
                (
                    [categoria_id] => 8
                    [precio] => 7000
                )

            [5] => Array
                (
                    [categoria_id] => 9
                    [precio] => 10000
                )

            [6] => Array
                (
                    [categoria_id] => 10
                    [precio] => 2000
                )

        )

)

[2026-01-13 12:50:46] DB NAME | froshlav_10
[2026-01-13 12:50:46] UPDATING SERVICE | 1
[2026-01-13 12:50:46] SERVICE ID | INSERT INTO froshlav_10.precios
            (ServicioID, TipoCategoriaID, Precio)
         VALUES (?, ?, ?)
         ON DUPLICATE KEY UPDATE
            Precio = VALUES(Precio)
[2026-01-13 12:50:46] SERVICE ID | INSERT INTO froshlav_10.precios
            (ServicioID, TipoCategoriaID, Precio)
         VALUES (?, ?, ?)
         ON DUPLICATE KEY UPDATE
            Precio = VALUES(Precio)
[2026-01-13 12:50:46] SERVICE ID | INSERT INTO froshlav_10.precios
            (ServicioID, TipoCategoriaID, Precio)
         VALUES (?, ?, ?)
         ON DUPLICATE KEY UPDATE
            Precio = VALUES(Precio)
[2026-01-13 12:50:46] SERVICE ID | INSERT INTO froshlav_10.precios
            (ServicioID, TipoCategoriaID, Precio)
         VALUES (?, ?, ?)
         ON DUPLICATE KEY UPDATE
            Precio = VALUES(Precio)
[2026-01-13 12:50:46] SERVICE ID | INSERT INTO froshlav_10.precios
            (ServicioID, TipoCategoriaID, Precio)
         VALUES (?, ?, ?)
         ON DUPLICATE KEY UPDATE
            Precio = VALUES(Precio)
[2026-01-13 12:50:46] SERVICE ID | INSERT INTO froshlav_10.precios
            (ServicioID, TipoCategoriaID, Precio)
         VALUES (?, ?, ?)
         ON DUPLICATE KEY UPDATE
            Precio = VALUES(Precio)
[2026-01-13 12:50:46] SERVICE ID | INSERT INTO froshlav_10.precios
            (ServicioID, TipoCategoriaID, Precio)
         VALUES (?, ?, ?)
         ON DUPLICATE KEY UPDATE
            Precio = VALUES(Precio)
[2026-01-13 12:51:29] USER INFO | Array
(
    [id] => 10
    [name] => Frederick Saavedra
    [email] => myinterpal@gmail.com
    [user_name] => fsaavedra
    [id_empresa] => 10
    [estado] => activo
    [role_id] => 1
    [role_name] => Administrador
    [Reportes] => 1
    [Usuarios] => 1
    [Clientes] => 1
    [Ordenes] => 1
    [Actividad] => 1
    [Financiero] => 1
    [company] => Array
        (
            [id] => 10
            [name] => Nueva01
            [db] => froshlav_10
            [estado] => activo
            [plan] => 1
            [active] => 1
        )

)

[2026-01-13 12:51:29] RAW INPUT | Array
(
    [id] => 2
    [descripcion] => Limpieza Interior
    [precios] => Array
        (
            [0] => Array
                (
                    [categoria_id] => 1
                    [precio] => 4000
                )

            [1] => Array
                (
                    [categoria_id] => 2
                    [precio] => 4000
                )

            [2] => Array
                (
                    [categoria_id] => 3
                    [precio] => 5000
                )

            [3] => Array
                (
                    [categoria_id] => 7
                    [precio] => 4000
                )

            [4] => Array
                (
                    [categoria_id] => 8
                    [precio] => 5000
                )

            [5] => Array
                (
                    [categoria_id] => 9
                    [precio] => 5000
                )

            [6] => Array
                (
                    [categoria_id] => 10
                    [precio] => 2000
                )

        )

)

[2026-01-13 12:51:29] DB NAME | froshlav_10
[2026-01-13 12:51:29] UPDATING SERVICE | 2
[2026-01-13 12:51:29] SERVICE ID | INSERT INTO froshlav_10.precios
            (ServicioID, TipoCategoriaID, Precio)
         VALUES (?, ?, ?)
         ON DUPLICATE KEY UPDATE
            Precio = VALUES(Precio)
[2026-01-13 12:51:29] SERVICE ID | INSERT INTO froshlav_10.precios
            (ServicioID, TipoCategoriaID, Precio)
         VALUES (?, ?, ?)
         ON DUPLICATE KEY UPDATE
            Precio = VALUES(Precio)
[2026-01-13 12:51:29] SERVICE ID | INSERT INTO froshlav_10.precios
            (ServicioID, TipoCategoriaID, Precio)
         VALUES (?, ?, ?)
         ON DUPLICATE KEY UPDATE
            Precio = VALUES(Precio)
[2026-01-13 12:51:29] SERVICE ID | INSERT INTO froshlav_10.precios
            (ServicioID, TipoCategoriaID, Precio)
         VALUES (?, ?, ?)
         ON DUPLICATE KEY UPDATE
            Precio = VALUES(Precio)
[2026-01-13 12:51:29] SERVICE ID | INSERT INTO froshlav_10.precios
            (ServicioID, TipoCategoriaID, Precio)
         VALUES (?, ?, ?)
         ON DUPLICATE KEY UPDATE
            Precio = VALUES(Precio)
[2026-01-13 12:51:29] SERVICE ID | INSERT INTO froshlav_10.precios
            (ServicioID, TipoCategoriaID, Precio)
         VALUES (?, ?, ?)
         ON DUPLICATE KEY UPDATE
            Precio = VALUES(Precio)
[2026-01-13 12:51:29] SERVICE ID | INSERT INTO froshlav_10.precios
            (ServicioID, TipoCategoriaID, Precio)
         VALUES (?, ?, ?)
         ON DUPLICATE KEY UPDATE
            Precio = VALUES(Precio)
[2026-01-13 12:51:55] USER INFO | Array
(
    [id] => 10
    [name] => Frederick Saavedra
    [email] => myinterpal@gmail.com
    [user_name] => fsaavedra
    [id_empresa] => 10
    [estado] => activo
    [role_id] => 1
    [role_name] => Administrador
    [Reportes] => 1
    [Usuarios] => 1
    [Clientes] => 1
    [Ordenes] => 1
    [Actividad] => 1
    [Financiero] => 1
    [company] => Array
        (
            [id] => 10
            [name] => Nueva01
            [db] => froshlav_10
            [estado] => activo
            [plan] => 1
            [active] => 1
        )

)

[2026-01-13 12:51:55] RAW INPUT | Array
(
    [id] => 3
    [descripcion] => Lavado Chasis
    [precios] => Array
        (
            [0] => Array
                (
                    [categoria_id] => 1
                    [precio] => 3000
                )

            [1] => Array
                (
                    [categoria_id] => 2
                    [precio] => 3000
                )

            [2] => Array
                (
                    [categoria_id] => 3
                    [precio] => 3000
                )

            [3] => Array
                (
                    [categoria_id] => 7
                    [precio] => 3000
                )

            [4] => Array
                (
                    [categoria_id] => 8
                    [precio] => 3000
                )

            [5] => Array
                (
                    [categoria_id] => 9
                    [precio] => 3000
                )

            [6] => Array
                (
                    [categoria_id] => 10
                    [precio] => 3000
                )

        )

)

[2026-01-13 12:51:55] DB NAME | froshlav_10
[2026-01-13 12:51:55] UPDATING SERVICE | 3
[2026-01-13 12:51:55] SERVICE ID | INSERT INTO froshlav_10.precios
            (ServicioID, TipoCategoriaID, Precio)
         VALUES (?, ?, ?)
         ON DUPLICATE KEY UPDATE
            Precio = VALUES(Precio)
[2026-01-13 12:51:55] SERVICE ID | INSERT INTO froshlav_10.precios
            (ServicioID, TipoCategoriaID, Precio)
         VALUES (?, ?, ?)
         ON DUPLICATE KEY UPDATE
            Precio = VALUES(Precio)
[2026-01-13 12:51:55] SERVICE ID | INSERT INTO froshlav_10.precios
            (ServicioID, TipoCategoriaID, Precio)
         VALUES (?, ?, ?)
         ON DUPLICATE KEY UPDATE
            Precio = VALUES(Precio)
[2026-01-13 12:51:55] SERVICE ID | INSERT INTO froshlav_10.precios
            (ServicioID, TipoCategoriaID, Precio)
         VALUES (?, ?, ?)
         ON DUPLICATE KEY UPDATE
            Precio = VALUES(Precio)
[2026-01-13 12:51:55] SERVICE ID | INSERT INTO froshlav_10.precios
            (ServicioID, TipoCategoriaID, Precio)
         VALUES (?, ?, ?)
         ON DUPLICATE KEY UPDATE
            Precio = VALUES(Precio)
[2026-01-13 12:51:55] SERVICE ID | INSERT INTO froshlav_10.precios
            (ServicioID, TipoCategoriaID, Precio)
         VALUES (?, ?, ?)
         ON DUPLICATE KEY UPDATE
            Precio = VALUES(Precio)
[2026-01-13 12:51:55] SERVICE ID | INSERT INTO froshlav_10.precios
            (ServicioID, TipoCategoriaID, Precio)
         VALUES (?, ?, ?)
         ON DUPLICATE KEY UPDATE
            Precio = VALUES(Precio)
